d:\ar_avt_3d_2\app.dir\debug\vc120.pdb
d:\ar_avt_3d_2\app.dir\debug\ivideo.obj
d:\ar_avt_3d_2\app.dir\debug\cvideofile.obj
d:\ar_avt_3d_2\app.dir\debug\cvideocamera.obj
d:\ar_avt_3d_2\app.dir\debug\irenderer.obj
d:\ar_avt_3d_2\app.dir\debug\cutils.obj
d:\ar_avt_3d_2\app.dir\debug\cshader.obj
d:\ar_avt_3d_2\app.dir\debug\crenderer.obj
d:\ar_avt_3d_2\app.dir\debug\cmodel.obj
d:\ar_avt_3d_2\app.dir\debug\cfpscounter.obj
d:\ar_avt_3d_2\app.dir\debug\ccamera.obj
d:\ar_avt_3d_2\app.dir\debug\canimator.obj
d:\ar_avt_3d_2\app.dir\debug\main.obj
d:\ar_avt_3d_2\app.dir\debug\tgaloader.obj
d:\ar_avt_3d_2\app.dir\debug\idetector.obj
d:\ar_avt_3d_2\app.dir\debug\cdetector.obj
d:\ar_avt_3d_2\app.dir\debug\capplication.obj
d:\ar_avt_3d_2\cmakefiles\generate.stamp
d:\ar_avt_3d_2\debug\app.ilk
d:\ar_avt_3d_2\debug\app.exe
d:\ar_avt_3d_2\debug\app.pdb
d:\ar_avt_3d_2\app.dir\debug\app.tlog\cl.command.1.tlog
d:\ar_avt_3d_2\app.dir\debug\app.tlog\cl.read.1.tlog
d:\ar_avt_3d_2\app.dir\debug\app.tlog\cl.write.1.tlog
d:\ar_avt_3d_2\app.dir\debug\app.tlog\custombuild.command.1.tlog
d:\ar_avt_3d_2\app.dir\debug\app.tlog\custombuild.read.1.tlog
d:\ar_avt_3d_2\app.dir\debug\app.tlog\custombuild.write.1.tlog
d:\ar_avt_3d_2\app.dir\debug\app.tlog\link.command.1.tlog
d:\ar_avt_3d_2\app.dir\debug\app.tlog\link.read.1.tlog
d:\ar_avt_3d_2\app.dir\debug\app.tlog\link.write.1.tlog
